[debug] [2021-06-28T01:51:29.178Z] ----------------------------------------------------------------------
[debug] [2021-06-28T01:51:29.180Z] Command:       /usr/bin/node /usr/local/bin/firebase deploy
[debug] [2021-06-28T01:51:29.180Z] CLI Version:   9.14.0
[debug] [2021-06-28T01:51:29.180Z] Platform:      linux
[debug] [2021-06-28T01:51:29.180Z] Node Version:  v10.19.0
[debug] [2021-06-28T01:51:29.185Z] Time:          Mon Jun 28 2021 10:51:29 GMT+0900 (Japan Standard Time)
[debug] [2021-06-28T01:51:29.185Z] ----------------------------------------------------------------------
[debug] 
[debug] [2021-06-28T01:51:29.187Z] >>> [apiv2][query] GET https://firebase-public.firebaseio.com/cli.json [none]
[debug] [2021-06-28T01:51:29.206Z] > command requires scopes: ["email","openid","https://www.googleapis.com/auth/cloudplatformprojects.readonly","https://www.googleapis.com/auth/firebase","https://www.googleapis.com/auth/cloud-platform"]
[debug] [2021-06-28T01:51:29.206Z] > authorizing via signed-in user (shu-ch@mbs.co.jp)
[debug] [2021-06-28T01:51:29.206Z] [iam] checking project shu-202106 for permissions ["firebase.projects.get","firebasehosting.sites.update"]
[debug] [2021-06-28T01:51:29.208Z] > refreshing access token with scopes: ["email","https://www.googleapis.com/auth/cloud-platform","https://www.googleapis.com/auth/cloudplatformprojects.readonly","https://www.googleapis.com/auth/firebase","openid"]
[debug] [2021-06-28T01:51:29.208Z] >>> HTTP REQUEST POST https://www.googleapis.com/oauth2/v3/token  
 <request body omitted>
[debug] [2021-06-28T01:51:29.566Z] <<< HTTP RESPONSE 200 {"expires":"Mon, 01 Jan 1990 00:00:00 GMT","cache-control":"no-cache, no-store, max-age=0, must-revalidate","pragma":"no-cache","date":"Mon, 28 Jun 2021 01:51:35 GMT","content-type":"application/json; charset=utf-8","vary":"X-Origin, Referer, Origin,Accept-Encoding","server":"scaffolding on HTTPServer2","x-xss-protection":"0","x-frame-options":"SAMEORIGIN","x-content-type-options":"nosniff","alt-svc":"h3=\":443\"; ma=2592000,h3-29=\":443\"; ma=2592000,h3-T051=\":443\"; ma=2592000,h3-Q050=\":443\"; ma=2592000,h3-Q046=\":443\"; ma=2592000,h3-Q043=\":443\"; ma=2592000,quic=\":443\"; ma=2592000; v=\"46,43\"","accept-ranges":"none","transfer-encoding":"chunked"}
[debug] [2021-06-28T01:51:29.630Z] >>> HTTP REQUEST POST https://cloudresourcemanager.googleapis.com/v1/projects/shu-202106:testIamPermissions  
 {"permissions":["firebase.projects.get","firebasehosting.sites.update"]}
[debug] [2021-06-28T01:51:29.891Z] <<< [apiv2][status] GET https://firebase-public.firebaseio.com/cli.json 200
[debug] [2021-06-28T01:51:29.891Z] <<< [apiv2][body] GET https://firebase-public.firebaseio.com/cli.json {"cloudBuildErrorAfter":1594252800000,"cloudBuildWarnAfter":1590019200000,"defaultNode10After":1594252800000,"minVersion":"3.0.5","node8DeploysDisabledAfter":1613390400000,"node8RuntimeDisabledAfter":1615809600000,"node8WarnAfter":1600128000000}
